
optiboot_atmega328.elf:     file format elf32-avr

Sections:
Idx Name          Size      VMA       LMA       File off  Algn
  0 .text         000001f4  00007e00  00007e00  00000074  2**1
                  CONTENTS, ALLOC, LOAD, READONLY, CODE
  1 .version      00000002  00007ffe  00007ffe  00000268  2**0
                  CONTENTS, READONLY
  2 .noinit       00000002  00800100  00007ff4  00000268  2**0
                  ALLOC
  3 .stab         00000b04  00000000  00000000  0000026c  2**2
                  CONTENTS, READONLY, DEBUGGING
  4 .stabstr      000008d3  00000000  00000000  00000d70  2**0
                  CONTENTS, READONLY, DEBUGGING
  5 .comment      00000011  00000000  00000000  00001643  2**0
                  CONTENTS, READONLY

Disassembly of section .text:

00007e00 <main>:
    7e00:	1f 92       	push	r1
    7e02:	cd b7       	in	r28, 0x3d	; 61
    7e04:	de b7       	in	r29, 0x3e	; 62
    7e06:	f8 94       	cli
    7e08:	11 24       	eor	r1, r1
    7e0a:	8f ef       	ldi	r24, 0xFF	; 255
    7e0c:	98 e0       	ldi	r25, 0x08	; 8
    7e0e:	9e bf       	out	0x3e, r25	; 62
    7e10:	8d bf       	out	0x3d, r24	; 61
    7e12:	84 b7       	in	r24, 0x34	; 52
    7e14:	14 be       	out	0x34, r1	; 52
    7e16:	81 fd       	sbrc	r24, 1
    7e18:	08 c0       	rjmp	.+16     	; 0x7e2a <main+0x2a>
    7e1a:	20 91 00 01 	lds	r18, 0x0100
    7e1e:	30 91 01 01 	lds	r19, 0x0101
    7e22:	2f 36       	cpi	r18, 0x6F	; 111
    7e24:	3d 4a       	sbci	r19, 0xAD	; 173
    7e26:	09 f4       	brne	.+2      	; 0x7e2a <main+0x2a>
    7e28:	df d0       	rcall	.+446    	; 0x7fe8 <appStart>
    7e2a:	8f e6       	ldi	r24, 0x6F	; 111
    7e2c:	9d ea       	ldi	r25, 0xAD	; 173
    7e2e:	90 93 01 01 	sts	0x0101, r25
    7e32:	80 93 00 01 	sts	0x0100, r24
    7e36:	85 e0       	ldi	r24, 0x05	; 5
    7e38:	80 93 81 00 	sts	0x0081, r24
    7e3c:	82 e0       	ldi	r24, 0x02	; 2
    7e3e:	80 93 c0 00 	sts	0x00C0, r24
    7e42:	88 e1       	ldi	r24, 0x18	; 24
    7e44:	80 93 c1 00 	sts	0x00C1, r24
    7e48:	86 e0       	ldi	r24, 0x06	; 6
    7e4a:	80 93 c2 00 	sts	0x00C2, r24
    7e4e:	80 e1       	ldi	r24, 0x10	; 16
    7e50:	80 93 c4 00 	sts	0x00C4, r24
    7e54:	89 e2       	ldi	r24, 0x29	; 41
    7e56:	b3 d0       	rcall	.+358    	; 0x7fbe <watchdogConfig>
    7e58:	25 9a       	sbi	0x04, 5	; 4
    7e5a:	26 e0       	ldi	r18, 0x06	; 6
    7e5c:	80 e3       	ldi	r24, 0x30	; 48
    7e5e:	9c ef       	ldi	r25, 0xFC	; 252
    7e60:	31 e0       	ldi	r19, 0x01	; 1
    7e62:	90 93 85 00 	sts	0x0085, r25
    7e66:	80 93 84 00 	sts	0x0084, r24
    7e6a:	36 bb       	out	0x16, r19	; 22
    7e6c:	b0 9b       	sbis	0x16, 0	; 22
    7e6e:	fe cf       	rjmp	.-4      	; 0x7e6c <main+0x6c>
    7e70:	1d 9a       	sbi	0x03, 5	; 3
    7e72:	a8 95       	wdr
    7e74:	21 50       	subi	r18, 0x01	; 1
    7e76:	a9 f7       	brne	.-22     	; 0x7e62 <main+0x62>
    7e78:	81 2c       	mov	r8, r1
    7e7a:	91 2c       	mov	r9, r1
    7e7c:	ee 24       	eor	r14, r14
    7e7e:	e3 94       	inc	r14
    7e80:	95 e0       	ldi	r25, 0x05	; 5
    7e82:	d9 2e       	mov	r13, r25
    7e84:	21 e1       	ldi	r18, 0x11	; 17
    7e86:	c2 2e       	mov	r12, r18
    7e88:	33 e0       	ldi	r19, 0x03	; 3
    7e8a:	f3 2e       	mov	r15, r19
    7e8c:	8c d0       	rcall	.+280    	; 0x7fa6 <getch>
    7e8e:	81 34       	cpi	r24, 0x41	; 65
    7e90:	71 f4       	brne	.+28     	; 0x7eae <main+0xae>
    7e92:	89 d0       	rcall	.+274    	; 0x7fa6 <getch>
    7e94:	89 83       	std	Y+1, r24	; 0x01
    7e96:	99 d0       	rcall	.+306    	; 0x7fca <verifySpace>
    7e98:	89 81       	ldd	r24, Y+1	; 0x01
    7e9a:	82 38       	cpi	r24, 0x82	; 130
    7e9c:	09 f4       	brne	.+2      	; 0x7ea0 <main+0xa0>
    7e9e:	1e c0       	rjmp	.+60     	; 0x7edc <main+0xdc>
    7ea0:	81 38       	cpi	r24, 0x81	; 129
    7ea2:	11 f4       	brne	.+4      	; 0x7ea8 <main+0xa8>
    7ea4:	85 e0       	ldi	r24, 0x05	; 5
    7ea6:	01 c0       	rjmp	.+2      	; 0x7eaa <main+0xaa>
    7ea8:	83 e0       	ldi	r24, 0x03	; 3
    7eaa:	76 d0       	rcall	.+236    	; 0x7f98 <putch>
    7eac:	72 c0       	rjmp	.+228    	; 0x7f92 <main+0x192>
    7eae:	82 34       	cpi	r24, 0x42	; 66
    7eb0:	11 f4       	brne	.+4      	; 0x7eb6 <main+0xb6>
    7eb2:	84 e1       	ldi	r24, 0x14	; 20
    7eb4:	03 c0       	rjmp	.+6      	; 0x7ebc <main+0xbc>
    7eb6:	85 34       	cpi	r24, 0x45	; 69
    7eb8:	19 f4       	brne	.+6      	; 0x7ec0 <main+0xc0>
    7eba:	85 e0       	ldi	r24, 0x05	; 5
    7ebc:	8e d0       	rcall	.+284    	; 0x7fda <getNch>
    7ebe:	69 c0       	rjmp	.+210    	; 0x7f92 <main+0x192>
    7ec0:	85 35       	cpi	r24, 0x55	; 85
    7ec2:	41 f4       	brne	.+16     	; 0x7ed4 <main+0xd4>
    7ec4:	70 d0       	rcall	.+224    	; 0x7fa6 <getch>
    7ec6:	88 2e       	mov	r8, r24
    7ec8:	6e d0       	rcall	.+220    	; 0x7fa6 <getch>
    7eca:	91 2c       	mov	r9, r1
    7ecc:	98 2a       	or	r9, r24
    7ece:	88 0c       	add	r8, r8
    7ed0:	99 1c       	adc	r9, r9
    7ed2:	5e c0       	rjmp	.+188    	; 0x7f90 <main+0x190>
    7ed4:	86 35       	cpi	r24, 0x56	; 86
    7ed6:	21 f4       	brne	.+8      	; 0x7ee0 <main+0xe0>
    7ed8:	84 e0       	ldi	r24, 0x04	; 4
    7eda:	7f d0       	rcall	.+254    	; 0x7fda <getNch>
    7edc:	80 e0       	ldi	r24, 0x00	; 0
    7ede:	e5 cf       	rjmp	.-54     	; 0x7eaa <main+0xaa>
    7ee0:	84 36       	cpi	r24, 0x64	; 100
    7ee2:	09 f0       	breq	.+2      	; 0x7ee6 <main+0xe6>
    7ee4:	3a c0       	rjmp	.+116    	; 0x7f5a <main+0x15a>
    7ee6:	5f d0       	rcall	.+190    	; 0x7fa6 <getch>
    7ee8:	5e d0       	rcall	.+188    	; 0x7fa6 <getch>
    7eea:	b8 2e       	mov	r11, r24
    7eec:	5c d0       	rcall	.+184    	; 0x7fa6 <getch>
    7eee:	81 14       	cp	r8, r1
    7ef0:	e0 e7       	ldi	r30, 0x70	; 112
    7ef2:	9e 06       	cpc	r9, r30
    7ef4:	18 f4       	brcc	.+6      	; 0x7efc <main+0xfc>
    7ef6:	f4 01       	movw	r30, r8
    7ef8:	f7 be       	out	0x37, r15	; 55
    7efa:	e8 95       	spm
    7efc:	00 e0       	ldi	r16, 0x00	; 0
    7efe:	11 e0       	ldi	r17, 0x01	; 1
    7f00:	52 d0       	rcall	.+164    	; 0x7fa6 <getch>
    7f02:	f8 01       	movw	r30, r16
    7f04:	81 93       	st	Z+, r24
    7f06:	8f 01       	movw	r16, r30
    7f08:	be 12       	cpse	r11, r30
    7f0a:	fa cf       	rjmp	.-12     	; 0x7f00 <main+0x100>
    7f0c:	81 14       	cp	r8, r1
    7f0e:	f0 e7       	ldi	r31, 0x70	; 112
    7f10:	9f 06       	cpc	r9, r31
    7f12:	18 f0       	brcs	.+6      	; 0x7f1a <main+0x11a>
    7f14:	f4 01       	movw	r30, r8
    7f16:	f7 be       	out	0x37, r15	; 55
    7f18:	e8 95       	spm
    7f1a:	57 d0       	rcall	.+174    	; 0x7fca <verifySpace>
    7f1c:	07 b6       	in	r0, 0x37	; 55
    7f1e:	00 fc       	sbrc	r0, 0
    7f20:	fd cf       	rjmp	.-6      	; 0x7f1c <main+0x11c>
    7f22:	f4 01       	movw	r30, r8
    7f24:	a0 e0       	ldi	r26, 0x00	; 0
    7f26:	b1 e0       	ldi	r27, 0x01	; 1
    7f28:	8c 91       	ld	r24, X
    7f2a:	11 96       	adiw	r26, 0x01	; 1
    7f2c:	2c 91       	ld	r18, X
    7f2e:	11 97       	sbiw	r26, 0x01	; 1
    7f30:	90 e0       	ldi	r25, 0x00	; 0
    7f32:	92 2b       	or	r25, r18
    7f34:	12 96       	adiw	r26, 0x02	; 2
    7f36:	0c 01       	movw	r0, r24
    7f38:	e7 be       	out	0x37, r14	; 55
    7f3a:	e8 95       	spm
    7f3c:	11 24       	eor	r1, r1
    7f3e:	32 96       	adiw	r30, 0x02	; 2
    7f40:	a0 38       	cpi	r26, 0x80	; 128
    7f42:	81 e0       	ldi	r24, 0x01	; 1
    7f44:	b8 07       	cpc	r27, r24
    7f46:	81 f7       	brne	.-32     	; 0x7f28 <main+0x128>
    7f48:	f4 01       	movw	r30, r8
    7f4a:	d7 be       	out	0x37, r13	; 55
    7f4c:	e8 95       	spm
    7f4e:	07 b6       	in	r0, 0x37	; 55
    7f50:	00 fc       	sbrc	r0, 0
    7f52:	fd cf       	rjmp	.-6      	; 0x7f4e <main+0x14e>
    7f54:	c7 be       	out	0x37, r12	; 55
    7f56:	e8 95       	spm
    7f58:	1c c0       	rjmp	.+56     	; 0x7f92 <main+0x192>
    7f5a:	84 37       	cpi	r24, 0x74	; 116
    7f5c:	61 f4       	brne	.+24     	; 0x7f76 <main+0x176>
    7f5e:	23 d0       	rcall	.+70     	; 0x7fa6 <getch>
    7f60:	22 d0       	rcall	.+68     	; 0x7fa6 <getch>
    7f62:	18 2f       	mov	r17, r24
    7f64:	20 d0       	rcall	.+64     	; 0x7fa6 <getch>
    7f66:	31 d0       	rcall	.+98     	; 0x7fca <verifySpace>
    7f68:	f4 01       	movw	r30, r8
    7f6a:	85 91       	lpm	r24, Z+
    7f6c:	4f 01       	movw	r8, r30
    7f6e:	14 d0       	rcall	.+40     	; 0x7f98 <putch>
    7f70:	11 50       	subi	r17, 0x01	; 1
    7f72:	d1 f7       	brne	.-12     	; 0x7f68 <main+0x168>
    7f74:	0e c0       	rjmp	.+28     	; 0x7f92 <main+0x192>
    7f76:	85 37       	cpi	r24, 0x75	; 117
    7f78:	39 f4       	brne	.+14     	; 0x7f88 <main+0x188>
    7f7a:	27 d0       	rcall	.+78     	; 0x7fca <verifySpace>
    7f7c:	8e e1       	ldi	r24, 0x1E	; 30
    7f7e:	0c d0       	rcall	.+24     	; 0x7f98 <putch>
    7f80:	85 e9       	ldi	r24, 0x95	; 149
    7f82:	0a d0       	rcall	.+20     	; 0x7f98 <putch>
    7f84:	8f e0       	ldi	r24, 0x0F	; 15
    7f86:	91 cf       	rjmp	.-222    	; 0x7eaa <main+0xaa>
    7f88:	81 35       	cpi	r24, 0x51	; 81
    7f8a:	11 f4       	brne	.+4      	; 0x7f90 <main+0x190>
    7f8c:	88 e0       	ldi	r24, 0x08	; 8
    7f8e:	17 d0       	rcall	.+46     	; 0x7fbe <watchdogConfig>
    7f90:	1c d0       	rcall	.+56     	; 0x7fca <verifySpace>
    7f92:	80 e1       	ldi	r24, 0x10	; 16
    7f94:	01 d0       	rcall	.+2      	; 0x7f98 <putch>
    7f96:	7a cf       	rjmp	.-268    	; 0x7e8c <main+0x8c>

00007f98 <putch>:
  }
}

void putch(char ch) {
#ifndef SOFT_UART
  while (!(UART_SRA & _BV(UDRE0)));
    7f98:	90 91 c0 00 	lds	r25, 0x00C0
    7f9c:	95 ff       	sbrs	r25, 5
    7f9e:	fc cf       	rjmp	.-8      	; 0x7f98 <putch>
  UART_UDR = ch;
    7fa0:	80 93 c6 00 	sts	0x00C6, r24
    7fa4:	08 95       	ret

00007fa6 <getch>:
      [uartBit] "I" (UART_RX_BIT)
    :
      "r25"
);
#else
  while(!(UART_SRA & _BV(RXC0)))
    7fa6:	80 91 c0 00 	lds	r24, 0x00C0
    7faa:	87 ff       	sbrs	r24, 7
    7fac:	fc cf       	rjmp	.-8      	; 0x7fa6 <getch>
    ;
  if (!(UART_SRA & _BV(FE0))) {
    7fae:	80 91 c0 00 	lds	r24, 0x00C0
    7fb2:	84 fd       	sbrc	r24, 4
    7fb4:	01 c0       	rjmp	.+2      	; 0x7fb8 <getch+0x12>
}
#endif

// Watchdog functions. These are only safe with interrupts turned off.
void watchdogReset() {
  __asm__ __volatile__ (
    7fb6:	a8 95       	wdr
       * don't care that an invalid char is returned...)
       */
    watchdogReset();
  }
  
  ch = UART_UDR;
    7fb8:	80 91 c6 00 	lds	r24, 0x00C6
  LED_PIN |= _BV(LED);
#endif
#endif

  return ch;
}
    7fbc:	08 95       	ret

00007fbe <watchdogConfig>:
    "wdr\n"
  );
}

void watchdogConfig(uint8_t x) {
  WDTCSR = _BV(WDCE) | _BV(WDE);
    7fbe:	e0 e6       	ldi	r30, 0x60	; 96
    7fc0:	f0 e0       	ldi	r31, 0x00	; 0
    7fc2:	98 e1       	ldi	r25, 0x18	; 24
    7fc4:	90 83       	st	Z, r25
  WDTCSR = x;
    7fc6:	80 83       	st	Z, r24
    7fc8:	08 95       	ret

00007fca <verifySpace>:
  do getch(); while (--count);
  verifySpace();
}

void verifySpace() {
  if (getch() != CRC_EOP) {
    7fca:	ed df       	rcall	.-38     	; 0x7fa6 <getch>
    7fcc:	80 32       	cpi	r24, 0x20	; 32
    7fce:	19 f0       	breq	.+6      	; 0x7fd6 <verifySpace+0xc>
    watchdogConfig(WATCHDOG_16MS);    // shorten WD timeout
    7fd0:	88 e0       	ldi	r24, 0x08	; 8
    7fd2:	f5 df       	rcall	.-22     	; 0x7fbe <watchdogConfig>
    7fd4:	ff cf       	rjmp	.-2      	; 0x7fd4 <verifySpace+0xa>
    while (1)			      // and busy-loop so that WD causes
      ;				      //  a reset and app start.
  }
  putch(STK_INSYNC);
    7fd6:	84 e1       	ldi	r24, 0x14	; 20
    7fd8:	df cf       	rjmp	.-66     	; 0x7f98 <putch>

00007fda <getNch>:
    ::[count] "M" (UART_B_VALUE)
  );
}
#endif

void getNch(uint8_t count) {
    7fda:	cf 93       	push	r28
    7fdc:	c8 2f       	mov	r28, r24
  do getch(); while (--count);
    7fde:	e3 df       	rcall	.-58     	; 0x7fa6 <getch>
    7fe0:	c1 50       	subi	r28, 0x01	; 1
    7fe2:	e9 f7       	brne	.-6      	; 0x7fde <getNch+0x4>
  verifySpace();
}
    7fe4:	cf 91       	pop	r28
}
#endif

void getNch(uint8_t count) {
  do getch(); while (--count);
  verifySpace();
    7fe6:	f1 cf       	rjmp	.-30     	; 0x7fca <verifySpace>

00007fe8 <appStart>:

void appStart(uint8_t rstFlags) {
  // save the reset flags in the designated register
  //  This can be saved in a main program by putting code in .init0 (which
  //  executes before normal c init code) to save R2 to a global variable.
  __asm__ __volatile__ ("mov r2, %0\n" :: "r" (rstFlags));
    7fe8:	28 2e       	mov	r2, r24

  watchdogConfig(WATCHDOG_OFF);
    7fea:	80 e0       	ldi	r24, 0x00	; 0
    7fec:	e8 df       	rcall	.-48     	; 0x7fbe <watchdogConfig>
  __asm__ __volatile__ (
    7fee:	ee 27       	eor	r30, r30
    7ff0:	ff 27       	eor	r31, r31
    7ff2:	09 94       	ijmp
